2026-06-04 21:23:01 | INFO     | api.telemetry:setup_telemetry - 🔇 OpenTelemetry: no exporter configured — tracing active but spans not exported (service=open-navigator-api). Set OTEL_EXPORTER_OTLP_ENDPOINT to ship traces, or OTEL_CONSOLE_EXPORT=1 to print them.
2026-06-04 21:23:01 | SUCCESS  | api.telemetry:setup_telemetry - ✅ OpenTelemetry instrumentation enabled for open-navigator-api
2026-06-04 21:23:04 | INFO     | api.routes.bills_neon:<module> - 🗄️  Bills map using: DEV database
2026-06-04 21:23:04 | INFO     | api.routes.bills_neon:<module> - 📁 Bills details using: local parquet
2026-06-04 21:23:04 | INFO     | agents.base:__init__ - Initialized orchestrator agent: orchestrator-001
INFO:     Started server process [434569]
INFO:     Waiting for application startup.
2026-06-04 21:23:04 | INFO     | api.main:init_database - ✅ Authentication database initialized
2026-06-04 21:23:04 | INFO     | api.main:startup_event - ================================================================================
2026-06-04 21:23:04 | INFO     | api.main:startup_event - 🚀 STARTING Open Navigator API
2026-06-04 21:23:04 | INFO     | api.main:startup_event - ================================================================================
2026-06-04 21:23:04 | INFO     | api.main:startup_event - Configuration: oral_health.policy_analysis
2026-06-04 21:23:04 | INFO     | api.main:startup_event - Log Level: INFO
2026-06-04 21:23:04 | INFO     | api.main:startup_event - Log File: logs/oral-health-policy-pulse.log
2026-06-04 21:23:04 | INFO     | api.main:startup_event - 💻 Running in local/standard environment
2026-06-04 21:23:04 | INFO     | api.main:startup_event - 
2026-06-04 21:23:04 | INFO     | api.main:startup_event - 📊 VALIDATING DATA AVAILABILITY...
2026-06-04 21:23:04 | INFO     | api.main:startup_event - --------------------------------------------------------------------------------
2026-06-04 21:23:05 | INFO     | api.main:startup_event -   ✅ jurisdictions (city/town/county): 71,976 records (public schema)
2026-06-04 21:23:05 | INFO     | api.main:startup_event -   ✅ jurisdictions (counties): 3,222 records (public schema)
2026-06-04 21:23:05 | INFO     | api.main:startup_event -   ✅ causes (public.tag): 213 records (public schema)
2026-06-04 21:23:05 | INFO     | api.main:startup_event - 
2026-06-04 21:23:05 | INFO     | api.main:startup_event - 📍 STATE DATA AVAILABILITY:
2026-06-04 21:23:05 | INFO     | api.main:startup_event -   ✅ AK: 134 events
2026-06-04 21:23:05 | INFO     | api.main:startup_event -   ✅ AL: 4,474 events
2026-06-04 21:23:05 | INFO     | api.main:startup_event -   ✅ AR: 907 events
2026-06-04 21:23:05 | INFO     | api.main:startup_event -   ✅ AZ: 2,714 events
2026-06-04 21:23:05 | INFO     | api.main:startup_event -   ✅ CA: 20,744 events
2026-06-04 21:23:05 | INFO     | api.main:startup_event -   ✅ CO: 1,956 events
2026-06-04 21:23:05 | INFO     | api.main:startup_event -   ✅ CT: 563 events
2026-06-04 21:23:05 | INFO     | api.main:startup_event -   ✅ FL: 1,091 events
2026-06-04 21:23:05 | INFO     | api.main:startup_event -   ✅ GA: 1,229 events
2026-06-04 21:23:05 | INFO     | api.main:startup_event -   ✅ IA: 1,362 events
2026-06-04 21:23:05 | INFO     | api.main:startup_event -   ... and 38 more states
2026-06-04 21:23:05 | INFO     | api.main:startup_event - 
2026-06-04 21:23:05 | INFO     | api.main:startup_event -   📊 Total states with events: 48
2026-06-04 21:23:05 | INFO     | api.main:startup_event -   🏢 public.mdm_organization_nonprofit: 3,602,653 nonprofits (national)
2026-06-04 21:23:06 | INFO     | api.main:startup_event -   🏛️  public.contact_official: 34,289 officials
2026-06-04 21:23:06 | INFO     | api.main:startup_event - 
2026-06-04 21:23:06 | INFO     | api.main:startup_event - ================================================================================
2026-06-04 21:23:06 | INFO     | api.main:startup_event - ✅ API READY - 3/3 critical files available
2026-06-04 21:23:06 | INFO     | api.main:startup_event - ================================================================================
2026-06-04 21:23:06 | INFO     | api.main:startup_event - 
INFO:     Application startup complete.
ERROR:    [Errno 98] error while attempting to bind on address ('127.0.0.1', 8000): address already in use
INFO:     Waiting for application shutdown.
2026-06-04 21:23:06 | INFO     | api.main:shutdown_event - Shutting down CommunityOne Open Navigator API
INFO:     Application shutdown complete.
✅ Database initialized at: sqlite:///./data/users.db
